  proyecto1.c
C:\Users\Asus\OneDrive - Estudiantes ITCR\Escritorio\Personal Docs\Universidad\IISEM 2022\Lenguajes\Proyecto_1\proyecto1.c(22,23): warning C4047: 'function': 'char *' differs in levels of indirection from 'char (*)[300]'
C:\Users\Asus\OneDrive - Estudiantes ITCR\Escritorio\Personal Docs\Universidad\IISEM 2022\Lenguajes\Proyecto_1\proyecto1.c(22,14): warning C4024: 'readFile': different types for formal and actual parameter 1
C:\Users\Asus\OneDrive - Estudiantes ITCR\Escritorio\Personal Docs\Universidad\IISEM 2022\Lenguajes\Proyecto_1\proyecto1.c(258,31): warning C4047: '!=': 'int' differs in levels of indirection from 'FILE *'
C:\Users\Asus\OneDrive - Estudiantes ITCR\Escritorio\Personal Docs\Universidad\IISEM 2022\Lenguajes\Proyecto_1\proyecto1.c(297,1): warning C4047: 'initializing': 'char' differs in levels of indirection from 'char [27]'
C:\Users\Asus\OneDrive - Estudiantes ITCR\Escritorio\Personal Docs\Universidad\IISEM 2022\Lenguajes\Proyecto_1\proyecto1.c(358,11): warning C4477: 'scanf' : format string '%s' requires an argument of type 'char *', but variadic argument 1 has type 'char *(*)[12]'
C:\Users\Asus\OneDrive - Estudiantes ITCR\Escritorio\Personal Docs\Universidad\IISEM 2022\Lenguajes\Proyecto_1\proyecto1.c(362,15): warning C4477: 'scanf' : format string '%s' requires an argument of type 'char *', but variadic argument 1 has type 'char *(*)[2]'
C:\Users\Asus\OneDrive - Estudiantes ITCR\Escritorio\Personal Docs\Universidad\IISEM 2022\Lenguajes\Proyecto_1\proyecto1.c(369,24): warning C4047: 'function': 'char *const ' differs in levels of indirection from 'char *[100]'
C:\Users\Asus\OneDrive - Estudiantes ITCR\Escritorio\Personal Docs\Universidad\IISEM 2022\Lenguajes\Proyecto_1\proyecto1.c(369,17): warning C4024: 'sprintf': different types for formal and actual parameter 1
C:\Users\Asus\OneDrive - Estudiantes ITCR\Escritorio\Personal Docs\Universidad\IISEM 2022\Lenguajes\Proyecto_1\proyecto1.c(369,26): warning C4477: 'sprintf' : format string '%s' requires an argument of type 'char *', but variadic argument 2 has type 'char **'
C:\Users\Asus\OneDrive - Estudiantes ITCR\Escritorio\Personal Docs\Universidad\IISEM 2022\Lenguajes\Proyecto_1\proyecto1.c(369,26): warning C4477: 'sprintf' : format string '%s' requires an argument of type 'char *', but variadic argument 5 has type 'char **'
C:\Users\Asus\OneDrive - Estudiantes ITCR\Escritorio\Personal Docs\Universidad\IISEM 2022\Lenguajes\Proyecto_1\proyecto1.c(370,37): warning C4047: 'function': 'const char *' differs in levels of indirection from 'char *[100]'
C:\Users\Asus\OneDrive - Estudiantes ITCR\Escritorio\Personal Docs\Universidad\IISEM 2022\Lenguajes\Proyecto_1\proyecto1.c(370,30): warning C4024: 'mysql_query': different types for formal and actual parameter 2
C:\Users\Asus\OneDrive - Estudiantes ITCR\Escritorio\Personal Docs\Universidad\IISEM 2022\Lenguajes\Proyecto_1\proyecto1.c(75): warning C4715: 'retrieveAreas': not all control paths return a value
C:\Users\Asus\OneDrive - Estudiantes ITCR\Escritorio\Personal Docs\Universidad\IISEM 2022\Lenguajes\Proyecto_1\proyecto1.c(171): warning C4715: 'retrieveProducts': not all control paths return a value
C:\Users\Asus\OneDrive - Estudiantes ITCR\Escritorio\Personal Docs\Universidad\IISEM 2022\Lenguajes\Proyecto_1\proyecto1.c(123): warning C4715: 'retrieveEmployees': not all control paths return a value
C:\Users\Asus\OneDrive - Estudiantes ITCR\Escritorio\Personal Docs\Universidad\IISEM 2022\Lenguajes\Proyecto_1\proyecto1.c(273): warning C4716: 'readFile': must return a value
C:\Users\Asus\OneDrive - Estudiantes ITCR\Escritorio\Personal Docs\Universidad\IISEM 2022\Lenguajes\Proyecto_1\proyecto1.c(236): warning C4172: returning address of local variable or temporary: str3
C:\Users\Asus\OneDrive - Estudiantes ITCR\Escritorio\Personal Docs\Universidad\IISEM 2022\Lenguajes\Proyecto_1\proyecto1.c(379): warning C4715: 'registrarVenta': not all control paths return a value
C:\Users\Asus\OneDrive - Estudiantes ITCR\Escritorio\Personal Docs\Universidad\IISEM 2022\Lenguajes\Proyecto_1\proyecto1.c(434): warning C4715: 'retrieveNominas': not all control paths return a value
  MySQLConnect.vcxproj -> C:\Users\Asus\source\repos\MySQLConnect\x64\Debug\MySQLConnect.exe
